<?xml version="1.0" encoding="UTF-8"?>
<!-- Generated by org.testng.reporters.JUnitReportReporter -->
<testsuite hostname="DESKTOP-5QI5CMT" failures="0" tests="1" name="application.Logintest1" time="118.734" errors="0" timestamp="2023-06-19T23:13:35 IST" skipped="0">
  <testcase classname="application.Logintest1" name="basePageNavigation" time="118.734"/>
</testsuite> <!-- application.Logintest1 -->
