<?xml version="1.0" encoding="UTF-8"?>
<!-- Generated by org.testng.reporters.JUnitReportReporter -->
<testsuite hostname="DESKTOP-5QI5CMT" failures="0" tests="1" name="application.EditUserTest" time="24.443" errors="0" timestamp="2023-06-21T22:32:50 IST" skipped="0">
  <testcase classname="application.EditUserTest" name="EditUser" time="24.443"/>
</testsuite> <!-- application.EditUserTest -->
