<?xml version="1.0" encoding="UTF-8"?>
<!-- Generated by org.testng.reporters.JUnitReportReporter -->
<testsuite hostname="DESKTOP-5QI5CMT" failures="0" tests="1" name="application.Logintest" time="78.766" errors="0" timestamp="2023-06-21T22:32:50 IST" skipped="0">
  <testcase classname="application.Logintest" name="basePageNavigation" time="78.766"/>
</testsuite> <!-- application.Logintest -->
