<?xml version="1.0" encoding="UTF-8"?>
<!-- Generated by org.testng.reporters.JUnitReportReporter -->
<testsuite hostname="DESKTOP-5QI5CMT" failures="0" tests="1" name="application.CreateUserTest" time="6.286" errors="0" timestamp="2023-06-13T12:52:25 IST" skipped="0">
  <testcase classname="application.CreateUserTest" name="CreateUser" time="6.286"/>
</testsuite> <!-- application.CreateUserTest -->
