<?xml version="1.0" encoding="UTF-8"?>
<!-- Generated by org.testng.reporters.JUnitReportReporter -->
<testsuite hostname="DESKTOP-5QI5CMT" failures="0" tests="1" name="ODINII.Adminpanel.Logintest" time="27.518" errors="0" timestamp="2023-06-12T01:22:52 IST" skipped="0">
  <testcase classname="ODINII.Adminpanel.Logintest" name="basePageNavigation" time="27.518"/>
</testsuite> <!-- ODINII.Adminpanel.Logintest -->
